<?xml version="1.0" encoding="UTF-8"?>
<testng-results skipped="0" failed="0" ignored="0" total="1" passed="1">
  <reporter-output>
  </reporter-output>
  <suite name="Default suite" duration-ms="25777" started-at="2018-12-11T00:36:12Z" finished-at="2018-12-11T00:36:38Z">
    <groups>
    </groups>
    <test name="Default test" duration-ms="25777" started-at="2018-12-11T00:36:12Z" finished-at="2018-12-11T00:36:38Z">
      <class name="com.google.googleSearchTest">
        <test-method status="PASS" signature="setUp()[pri:0, instance:com.google.googleSearchTest@1f2586d6]" name="setUp" is-config="true" duration-ms="9473" started-at="2018-12-11T00:36:12Z" finished-at="2018-12-11T00:36:22Z">
          <reporter-output>
          </reporter-output>
        </test-method> <!-- setUp -->
        <test-method status="PASS" signature="searchResults()[pri:0, instance:com.google.googleSearchTest@1f2586d6]" name="searchResults" duration-ms="15419" started-at="2018-12-11T00:36:22Z" finished-at="2018-12-11T00:36:37Z">
          <reporter-output>
          </reporter-output>
        </test-method> <!-- searchResults -->
        <test-method status="PASS" signature="closeUp()[pri:0, instance:com.google.googleSearchTest@1f2586d6]" name="closeUp" is-config="true" duration-ms="848" started-at="2018-12-11T00:36:37Z" finished-at="2018-12-11T00:36:38Z">
          <reporter-output>
          </reporter-output>
        </test-method> <!-- closeUp -->
      </class> <!-- com.google.googleSearchTest -->
    </test> <!-- Default test -->
  </suite> <!-- Default suite -->
</testng-results>
